build/app/outputs/mapping/release/seeds.txt
com.example.tiin_cashback.MainActivity
com.example.tiin_cashback.MainActivity: MainActivity()
...
com.google.android.gms.internal.vision.zzfi$zzf: com.google.android.gms.internal.vision.zzjl zzf
io.flutter.plugin.editing.ImeSyncDeferringInsetsCallback: int deferredInsetTypes
com.google.android.gms.internal.vision.zzfi$zzf: java.lang.String zze
com.google.android.gms.internal.clearcut.zzgw$zza$zzb: long zzbiu
com.google.android.gms.internal.vision.zzfi$zzo: com.google.android.gms.internal.vision.zzfi$zze zzd
com.google.android.gms.common.ConnectionResult: android.os.Parcelable$Creator CREATOR
io.flutter.embedding.engine.FlutterJNI: java.util.Set engineLifecycleListeners
com.google.android.gms.common.internal.ConnectionTelemetryConfiguration: android.os.Parcelable$Creator CREATOR
com.google.android.material.timepicker.TimeModel: android.os.Parcelable$Creator CREATOR
io.flutter.embedding.engine.FlutterJNI: io.flutter.plugin.platform.PlatformViewsController platformViewsController
androidx.lifecycle.Lifecycle$Event: androidx.lifecycle.Lifecycle$Event ON_RESUME
io.flutter.embedding.engine.FlutterJNI: boolean initCalled
android.support.v4.os.ResultReceiver: android.os.Parcelable$Creator CREATOR
com.google.android.gms.internal.vision.zzfi$zzj: long zzh
com.google.android.gms.internal.vision.zzfi$zzc: int zze
com.google.android.gms.common.api.Status: android.os.Parcelable$Creator CREATOR
io.flutter.embedding.engine.FlutterJNI: java.util.Set flutterUiDisplayListeners
com.google.android.material.appbar.AppBarLayout$BaseBehavior$SavedState: android.os.Parcelable$Creator CREATOR
com.google.android.gms.internal.vision.zzfi$zzh: float zzf
com.google.android.gms.internal.vision.zzfi$zzo: boolean zzh
io.flutter.plugin.platform.SingleViewPresentation: android.widget.FrameLayout container
com.google.android.gms.internal.vision.zzfi$zzl: com.google.android.gms.internal.vision.zzkx zzg
io.flutter.view.FlutterCallbackInformation: java.lang.String callbackClassName
com.google.android.gms.internal.vision.zzfi$zzj: long zze
com.google.android.gms.internal.clearcut.zzge$zzs: com.google.android.gms.internal.clearcut.zzge$zzs zzbfc
androidx.lifecycle.Lifecycle$Event: androidx.lifecycle.Lifecycle$Event ON_CREATE
com.google.android.gms.internal.vision.zzfi$zzl: long zze
io.flutter.view.FlutterCallbackInformation: java.lang.String callbackLibraryPath
com.google.android.gms.signin.internal.zag: android.os.Parcelable$Creator CREATOR
io.flutter.embedding.engine.mutatorsstack.FlutterMutatorsStack: java.util.List mutators
com.google.android.gms.internal.vision.zzfi$zze: long zzh
com.google.android.gms.internal.clearcut.zzgw$zza: com.google.android.gms.internal.clearcut.zzcn zzbiq
com.google.android.gms.vision.barcode.Barcode$Email: android.os.Parcelable$Creator CREATOR
androidx.core.widget.NestedScrollView$SavedState: android.os.Parcelable$Creator CREATOR
com.google.android.gms.common.internal.zar: android.os.Parcelable$Creator CREATOR
com.google.android.gms.internal.vision.zzfi$zze: java.lang.String zzj
com.google.android.gms.vision.barcode.Barcode$Address: android.os.Parcelable$Creator CREATOR
com.google.android.gms.internal.vision.zzfi$zzi: int zzc
com.google.android.gms.internal.clearcut.zzgw$zza$zzb: int zzbb
com.google.android.gms.internal.vision.zzfi$zzc: com.google.android.gms.internal.vision.zzkx zzh
com.google.android.gms.internal.vision.zzjb: java.util.Map zzd
com.google.android.gms.internal.vision.zzs: android.os.Parcelable$Creator CREATOR
com.google.android.gms.signin.internal.zam: android.os.Parcelable$Creator CREATOR
com.google.android.gms.internal.vision.zzjb: com.google.android.gms.internal.vision.zzlx zzb
com.google.android.gms.internal.vision.zzfi$zzg: com.google.android.gms.internal.vision.zzfi$zzg zzj
com.google.android.gms.internal.vision.zzfi$zzj: com.google.android.gms.internal.vision.zzkx zzj
com.google.android.gms.dynamite.descriptors.com.google.android.gms.flags.ModuleDescriptor: int MODULE_VERSION
com.google.android.gms.internal.vision.zzfi$zzg: int zzf