build/app/outputs/mapping/release/mapping.txt
# compiler: R8
# compiler_version: 3.0.69
# min_api: 16
# pg_map_id: be53855
# common_typos_disable
...
com.google.android.gms.auth.api.signin.GoogleSignInAccount -> com.google.android.gms.auth.api.signin.GoogleSignInAccount:
    java.lang.String zaf -> f
    android.net.Uri zag -> g
    long zai -> i
    java.lang.String zah -> h
    java.lang.String zaj -> j
    java.lang.String zam -> m
    java.lang.String zal -> l
    int zab -> b
    com.google.android.gms.common.util.Clock zaa -> o
    java.lang.String zac -> c
    java.lang.String zae -> e
    java.lang.String zad -> d
    java.util.List zak -> k
    java.util.Set zan -> n
    android.accounts.Account getAccount() -> b
    java.lang.String getDisplayName() -> c
    java.lang.String getEmail() -> e
    java.lang.String getFamilyName() -> f
    java.lang.String getGivenName() -> g
    java.lang.String getId() -> h
    java.lang.String getIdToken() -> i
    android.net.Uri getPhotoUrl() -> k
    java.util.Set getRequestedScopes() -> m
    java.lang.String getServerAuthCode() -> o
    com.google.android.gms.auth.api.signin.GoogleSignInAccount zaa(java.lang.String) -> p
    com.google.android.gms.auth.api.signin.GoogleSignInAccount zaa(java.lang.String,java.lang.String,java.lang.String,java.lang.String,java.lang.String,java.lang.String,android.net.Uri,java.lang.Long,java.lang.String,java.util.Set) -> q
com.google.android.gms.auth.api.signin.internal.Storage -> q0.a:
    android.content.SharedPreferences zad -> b
    com.google.android.gms.auth.api.signin.internal.Storage zab -> d
    java.util.concurrent.locks.Lock zac -> a
    java.util.concurrent.locks.Lock zaa -> c
    com.google.android.gms.auth.api.signin.internal.Storage getInstance(android.content.Context) -> a
    com.google.android.gms.auth.api.signin.GoogleSignInAccount getSavedDefaultGoogleSignInAccount() -> b
    com.google.android.gms.auth.api.signin.GoogleSignInAccount zaa(java.lang.String) -> c
    java.lang.String zab(java.lang.String,java.lang.String) -> d
    java.lang.String zac(java.lang.String) -> e
com.google.android.gms.auth.api.signin.zab -> com.google.android.gms.auth.api.signin.a:
com.google.android.gms.base.R$drawable -> r0.a:
    int common_full_open_on_phone -> a
com.google.android.gms.base.R$string -> r0.b:
    int common_google_play_services_wear_update_text -> n
    int common_open_on_phone -> o
    int common_google_play_services_update_title -> l
    int common_google_play_services_updating_text -> m
    int common_google_play_services_update_button -> j
    int common_google_play_services_update_text -> k
    int common_google_play_services_notification_ticker -> h
    int common_google_play_services_unsupported_text -> i
    int common_google_play_services_install_title -> f
    int common_google_play_services_notification_channel_name -> g
    int common_google_play_services_install_button -> d
    int common_google_play_services_install_text -> e
    int common_google_play_services_enable_text -> b
    int common_google_play_services_enable_title -> c
    int common_google_play_services_enable_button -> a