build/app/outputs/mapping/release/usage.txt
com.example.tiin_cashback.BuildConfig
com.example.tiin_cashback.R$anim
com.example.tiin_cashback.R$animator
com.example.tiin_cashback.R$attr
com.example.tiin_cashback.R$bool
com.example.tiin_cashback.R$color
com.example.tiin_cashback.R$dimen
com.example.tiin_cashback.R$drawable
com.example.tiin_cashback.R$id
com.example.tiin_cashback.R$integer
com.example.tiin_cashback.R$interpolator
com.example.tiin_cashback.R$layout
com.example.tiin_cashback.R$mipmap
com.example.tiin_cashback.R$plurals
com.example.tiin_cashback.R$string
com.example.tiin_cashback.R$style
com.example.tiin_cashback.R$styleable
com.example.tiin_cashback.R$xml
com.example.tiin_cashback.R
...
com.google.android.gms.internal.vision.zzfe:
    private static final int zzb
com.google.android.gms.internal.vision.zzfi$zze$zzb:
    private static final com.google.android.gms.internal.vision.zzjh zze
com.google.android.gms.internal.vision.zzfi$zzf$zza:
    private static final com.google.android.gms.internal.vision.zzjh zze
com.google.android.gms.internal.vision.zzfi$zzg$zzb:
    private static final com.google.android.gms.internal.vision.zzjh zzd
com.google.android.gms.internal.vision.zzfi$zzg$zzc:
    private static final com.google.android.gms.internal.vision.zzjh zze
com.google.android.gms.internal.vision.zzfi$zzg$zzd:
    private static final com.google.android.gms.internal.vision.zzjh zze
com.google.android.gms.internal.vision.zzfi$zzj$zza:
    private static final com.google.android.gms.internal.vision.zzjh zze
com.google.android.gms.internal.vision.zzfm:
    public final synthetic com.google.android.gms.internal.vision.zzje zza(int)
com.google.android.gms.internal.vision.zzfp:
    public final synthetic com.google.android.gms.internal.vision.zzje zza(int)
com.google.android.gms.internal.vision.zzfq:
    public final synthetic com.google.android.gms.internal.vision.zzje zza(int)
com.google.android.gms.internal.vision.zzft:
    public final synthetic com.google.android.gms.internal.vision.zzje zza(int)
com.google.android.gms.internal.vision.zzfu:
    public final synthetic com.google.android.gms.internal.vision.zzje zza(int)
com.google.android.gms.internal.vision.zzfx:
    public final synthetic com.google.android.gms.internal.vision.zzje zza(int)
com.google.android.gms.internal.vision.zzgy:
    public final synthetic com.google.android.gms.internal.vision.zzje zza(int)
com.google.android.gms.internal.vision.zzgz:
    private static final com.google.android.gms.internal.vision.zzjh zzq
com.google.android.gms.internal.vision.zzha:
    private static final com.google.android.gms.internal.vision.zzjh zzo
com.google.android.gms.internal.vision.zzhd:
    public final synthetic com.google.android.gms.internal.vision.zzje zza(int)
com.google.android.gms.internal.vision.zzhg:
    private static final com.google.android.gms.internal.vision.zzio zza
com.google.android.gms.internal.vision.zzhh:
    private boolean zza
    private int zzb
com.google.android.gms.internal.vision.zzhr:
    private static final com.google.android.gms.internal.vision.zzhr zza
com.google.android.gms.internal.vision.zzht:
    private static final java.util.Comparator zzd
com.google.android.gms.internal.vision.zzi:
    private static final enum int zzb
    private static final synthetic int[] zzc
com.google.android.gms.internal.vision.zzif:
    int zzb
    private int zzd
    private boolean zze
com.google.android.gms.internal.vision.zzih:
    private final byte[] zzd
    private final boolean zze
com.google.android.gms.internal.vision.zzii$zza:
    private final int zzc
    public final void zzb(byte[],int,int)
com.google.android.gms.internal.vision.zzii:
    abstract void zzb(byte[],int,int)
com.google.android.gms.internal.vision.zzin:
    private static final com.google.android.gms.internal.vision.zzin zza
com.google.android.gms.internal.vision.zzio:
    private static volatile boolean zza
    private static boolean zzb
com.google.android.gms.internal.vision.zziu:
    static void zza(com.google.android.gms.internal.vision.zzii,com.google.android.gms.internal.vision.zzml,int,java.lang.Object)
com.google.android.gms.internal.vision.zziv:
    private final com.google.android.gms.internal.vision.zzjm zzaz
    private final com.google.android.gms.internal.vision.zzix zzbb
    private final java.lang.Class zzbc
    private final boolean zzbd
    private static final java.lang.reflect.Type[] zzbf
com.google.android.gms.internal.vision.zzix:
    private final boolean zze
com.google.android.gms.internal.vision.zzja:
    private static final com.google.android.gms.internal.vision.zzja zza